660221
19660221
66221
1966221
410221
41221
987654321
9876543210
654321
54321
passwd
Passwd
ftppassword
ftpuser
Ftppassword
Ftpuser
shihong123
Shihong1234
Shihong12345
Shihong123456
Shihong0123
budo123
budo1234
Budo123
Budo1234
 
  
   
tianshidilirenhe
Tianshidilirenhe
tenji2006
Tenji2006
tenji2016
Tenji2016
tenji123
tenji7230
tenji7231
tenji1234
ten-ji123
ten-ji1234
Tenji123
Tenji7230
Tenji7231
Tenji1234
Ten-ji123
Ten-ji7230
Ten-ji7231
Ten-ji1234
tenji-123
tenji-1234
Tenji-123
Tenji-1234
Tianshi123
tianshi123
tian-shi123
Tian-shi123
Tianshi-123
tianshi-123
tenji888
Tenji888
tenji-888
Tenji-888
Tianshi888
tianshi888
tian-shi888
Tian-shi888
Tianshi-888
tianshi-888
59137231
59137230
0359137231
03-59137230
03-5913-7231
03-5913-7230
03-59137231
0359137230
88888888
root
r00t
R00t
R00T
ROOT
root123
Root123
Password
Password123
123456
12345
012345
password
password888
password123
123456789
12345678
abc123
1234
a1b2c3
123
11111
aaaaaa
66666
a12345
a1b2c3d4
xyz123
123123
1234567
696969
888888
abcdef
1111
1212
abcd1234
abcdefg
11111111
123321
171717
181818
1a2b3c
55555
7777777
789456
88888888
abcd123
121212
1234qwer
131313
99999999
ABC123
qwerty1
222222
1q2w3e4r
112233
159753
1qaz2wsx
q1w2e3r4
11235813
555555
999999
987654
456789
789456123
123654
777777
333333
232323
252525
159357
123456a
444444
456123
212121
999999999
a123456
123789
151515
87654321
987654321
876543210
123123123
7777
2222
1213
1214
1225
1313
1818
2112
333
4444
xxx123
123go
21122112
5555
911
777
mima1234
mima123
!@#$%
!@#$%^
!@#$%^&*
!@#$%^&
@#$%^&
ej5xk2ndxymmu
106F3F09A0D6
